<?xml version="1.0" encoding="UTF-8"?>
<testng-results skipped="0" failed="0" ignored="0" total="1" passed="1">
  <reporter-output>
  </reporter-output>
  <suite name="Default suite" duration-ms="23531" started-at="2021-07-04T00:49:51Z" finished-at="2021-07-04T00:50:15Z">
    <groups>
    </groups>
    <test name="Default test" duration-ms="23531" started-at="2021-07-04T00:49:51Z" finished-at="2021-07-04T00:50:15Z">
      <class name="com.SpeedSheild.testCases.TC_EditOperatorsPhone">
        <test-method status="PASS" signature="setup()[pri:0, instance:com.SpeedSheild.testCases.TC_EditOperatorsPhone@31610302]" name="setup" is-config="true" duration-ms="2113" started-at="2021-07-04T10:49:51Z" finished-at="2021-07-04T10:49:54Z">
          <reporter-output>
          </reporter-output>
        </test-method> <!-- setup -->
        <test-method status="PASS" signature="editOperatorPhoneNumber()[pri:0, instance:com.SpeedSheild.testCases.TC_EditOperatorsPhone@31610302]" name="editOperatorPhoneNumber" duration-ms="21259" started-at="2021-07-04T10:49:54Z" finished-at="2021-07-04T10:50:15Z">
          <reporter-output>
          </reporter-output>
        </test-method> <!-- editOperatorPhoneNumber -->
        <test-method status="PASS" signature="end()[pri:0, instance:com.SpeedSheild.testCases.TC_EditOperatorsPhone@31610302]" name="end" is-config="true" duration-ms="142" started-at="2021-07-04T10:50:15Z" finished-at="2021-07-04T10:50:15Z">
          <reporter-output>
          </reporter-output>
        </test-method> <!-- end -->
      </class> <!-- com.SpeedSheild.testCases.TC_EditOperatorsPhone -->
    </test> <!-- Default test -->
  </suite> <!-- Default suite -->
</testng-results>
