<?xml version="1.0" encoding="UTF-8"?>
<testng-results skipped="0" failed="0" ignored="0" total="1" passed="1">
  <reporter-output>
  </reporter-output>
  <suite name="Default suite" duration-ms="16939" started-at="2021-07-04T04:20:05Z" finished-at="2021-07-04T04:20:22Z">
    <groups>
    </groups>
    <test name="Default test" duration-ms="16939" started-at="2021-07-04T04:20:05Z" finished-at="2021-07-04T04:20:22Z">
      <class name="com.SpeedSheild.testCases.TC_FilterByName">
        <test-method status="PASS" signature="setup()[pri:0, instance:com.SpeedSheild.testCases.TC_FilterByName@31610302]" name="setup" is-config="true" duration-ms="2294" started-at="2021-07-04T14:20:05Z" finished-at="2021-07-04T14:20:07Z">
          <reporter-output>
          </reporter-output>
        </test-method> <!-- setup -->
        <test-method status="PASS" signature="filterbynames()[pri:0, instance:com.SpeedSheild.testCases.TC_FilterByName@31610302]" name="filterbynames" duration-ms="14467" started-at="2021-07-04T14:20:07Z" finished-at="2021-07-04T14:20:22Z">
          <reporter-output>
          </reporter-output>
        </test-method> <!-- filterbynames -->
        <test-method status="PASS" signature="end()[pri:0, instance:com.SpeedSheild.testCases.TC_FilterByName@31610302]" name="end" is-config="true" duration-ms="128" started-at="2021-07-04T14:20:22Z" finished-at="2021-07-04T14:20:22Z">
          <reporter-output>
          </reporter-output>
        </test-method> <!-- end -->
      </class> <!-- com.SpeedSheild.testCases.TC_FilterByName -->
    </test> <!-- Default test -->
  </suite> <!-- Default suite -->
</testng-results>
